  Manage.cpp
<<<<<<< HEAD
d:\计网课设\computernet1.0\computernet1.0\computernet1.0\manage.cpp(144): warning C4101: “e”: 未引用的局部变量
d:\计网课设\computernet1.0\computernet1.0\computernet1.0\manage.cpp(144): warning C4101: “d”: 未引用的局部变量
d:\计网课设\computernet1.0\computernet1.0\computernet1.0\manage.cpp(72): warning C4715: “Manage::Num”: 不是所有的控件路径都返回值
  ComputerNet1.0.vcxproj -> D:\计网课设\ComputerNet1.0\ComputerNet1.0\Debug\ComputerNet1.0.exe
  ComputerNet1.0.vcxproj -> D:\计网课设\ComputerNet1.0\ComputerNet1.0\Debug\ComputerNet1.0.pdb (Partial PDB)
=======
c:\users\14579\documents\github\computernet1.0\computernet1.0\computernet1.0\manage.h(20): error C2059: 语法错误:“<<”
c:\users\14579\documents\github\computernet1.0\computernet1.0\computernet1.0\manage.h(21): error C2238: 意外的标记位于“;”之前
c:\users\14579\documents\github\computernet1.0\computernet1.0\computernet1.0\manage.h(28): error C2059: 语法错误:“==”
c:\users\14579\documents\github\computernet1.0\computernet1.0\computernet1.0\manage.h(29): error C2238: 意外的标记位于“;”之前
c:\users\14579\documents\github\computernet1.0\computernet1.0\computernet1.0\manage.h(32): error C2059: 语法错误:“>>”
c:\users\14579\documents\github\computernet1.0\computernet1.0\computernet1.0\manage.h(33): error C2143: 语法错误: 缺少“;”(在“}”的前面)
c:\users\14579\documents\github\computernet1.0\computernet1.0\computernet1.0\manage.h(33): error C2238: 意外的标记位于“;”之前
c:\users\14579\documents\github\computernet1.0\computernet1.0\computernet1.0\manage.cpp(16): error C2059: 语法错误:“<<”
c:\users\14579\documents\github\computernet1.0\computernet1.0\computernet1.0\manage.cpp(19): error C2143: 语法错误: 缺少“;”(在“{”的前面)
c:\users\14579\documents\github\computernet1.0\computernet1.0\computernet1.0\manage.cpp(19): error C2447: “{”: 缺少函数标题(是否是老式的形式表?)
c:\users\14579\documents\github\computernet1.0\computernet1.0\computernet1.0\manage.cpp(54): error C2039: “Num”: 不是“Manage”的成员
  c:\users\14579\documents\github\computernet1.0\computernet1.0\computernet1.0\manage.h(11): note: 参见“Manage”的声明
c:\users\14579\documents\github\computernet1.0\computernet1.0\computernet1.0\manage.cpp(56): error C2065: “numNodes”: 未声明的标识符
c:\users\14579\documents\github\computernet1.0\computernet1.0\computernet1.0\manage.cpp(58): error C2065: “vexs”: 未声明的标识符
c:\users\14579\documents\github\computernet1.0\computernet1.0\computernet1.0\manage.cpp(124): error C2059: 语法错误:“==”
c:\users\14579\documents\github\computernet1.0\computernet1.0\computernet1.0\manage.cpp(126): error C2143: 语法错误: 缺少“;”(在“{”的前面)
c:\users\14579\documents\github\computernet1.0\computernet1.0\computernet1.0\manage.cpp(126): error C2447: “{”: 缺少函数标题(是否是老式的形式表?)
c:\users\14579\documents\github\computernet1.0\computernet1.0\computernet1.0\manage.cpp(187): error C2059: 语法错误:“>>”
>>>>>>> 8331b20423cb51df5dcc5cf8bfcb1d5a79e51072
